<?xml version="1.0" encoding="UTF-8"?>
<testsuite name="hello.hello_spring.HelloSpringApplicationTests" tests="1" skipped="0" failures="0" errors="0" timestamp="2025-10-15T07:50:26.448Z" hostname="SEOL" time="1.247">
  <properties/>
  <testcase name="contextLoads()" classname="hello.hello_spring.HelloSpringApplicationTests" time="1.247"/>
  <system-out><![CDATA[16:50:22.961 [Test worker] INFO org.springframework.test.context.support.AnnotationConfigContextLoaderUtils -- Could not detect default configuration classes for test class [hello.hello_spring.HelloSpringApplicationTests]: HelloSpringApplicationTests does not declare any static, non-private, non-final, nested classes annotated with @Configuration.
16:50:23.141 [Test worker] INFO org.springframework.boot.test.context.SpringBootTestContextBootstrapper -- Found @SpringBootConfiguration hello.hello_spring.HelloSpringApplication for test class hello.hello_spring.HelloSpringApplicationTests

  .   ____          _            __ _ _
 /\\ / ___'_ __ _ _(_)_ __  __ _ \ \ \ \
( ( )\___ | '_ | '_| | '_ \/ _` | \ \ \ \
 \\/  ___)| |_)| | | | | || (_| |  ) ) ) )
  '  |____| .__|_| |_|_| |_\__, | / / / /
 =========|_|==============|___/=/_/_/_/

 :: Spring Boot ::               (v3.4.10)

2025-10-15T16:50:23.833+09:00  INFO 27256 --- [hello-spring] [    Test worker] h.h.HelloSpringApplicationTests          : Starting HelloSpringApplicationTests using Java 21.0.8 with PID 27256 (started by seohy in C:\Users\seohy\Desktop\programing\Week1\hello-spring\hello-spring)
2025-10-15T16:50:23.839+09:00  INFO 27256 --- [hello-spring] [    Test worker] h.h.HelloSpringApplicationTests          : No active profile set, falling back to 1 default profile: "default"
2025-10-15T16:50:25.941+09:00  INFO 27256 --- [hello-spring] [    Test worker] o.s.b.a.w.s.WelcomePageHandlerMapping    : Adding welcome page: class path resource [static/index.html]
2025-10-15T16:50:26.423+09:00  INFO 27256 --- [hello-spring] [    Test worker] h.h.HelloSpringApplicationTests          : Started HelloSpringApplicationTests in 3.015 seconds (process running for 4.953)
]]></system-out>
  <system-err><![CDATA[Mockito is currently self-attaching to enable the inline-mock-maker. This will no longer work in future releases of the JDK. Please add Mockito as an agent to your build what is described in Mockito's documentation: https://javadoc.io/doc/org.mockito/mockito-core/latest/org/mockito/Mockito.html#0.3
WARNING: A Java agent has been loaded dynamically (C:\Users\seohy\.gradle\caches\modules-2\files-2.1\net.bytebuddy\byte-buddy-agent\1.15.11\a38b16385e867f59a641330f0362ebe742788ed8\byte-buddy-agent-1.15.11.jar)
WARNING: If a serviceability tool is in use, please run with -XX:+EnableDynamicAgentLoading to hide this warning
WARNING: If a serviceability tool is not in use, please run with -Djdk.instrument.traceUsage for more information
WARNING: Dynamic loading of agents will be disallowed by default in a future release
]]></system-err>
</testsuite>
